{"/Users/mimswright/libs/js/pixi-multistyle-text/src/pixiUtils.ts": {"path":"/Users/mimswright/libs/js/pixi-multistyle-text/src/pixiUtils.ts","statementMap":{"0":{"start":{"line":2,"column":0},"end":{"line":2,"column":32}},"1":{"start":{"line":4,"column":29},"end":{"line":5,"column":6}},"2":{"start":{"line":5,"column":2},"end":{"line":5,"column":43}},"3":{"start":{"line":4,"column":13},"end":{"line":4,"column":29}},"4":{"start":{"line":7,"column":27},"end":{"line":9,"column":28}},"5":{"start":{"line":9,"column":24},"end":{"line":9,"column":67}},"6":{"start":{"line":7,"column":13},"end":{"line":7,"column":27}},"7":{"start":{"line":11,"column":32},"end":{"line":14,"column":20}},"8":{"start":{"line":14,"column":13},"end":{"line":14,"column":45}},"9":{"start":{"line":11,"column":13},"end":{"line":11,"column":32}},"10":{"start":{"line":16,"column":32},"end":{"line":27,"column":1}},"11":{"start":{"line":20,"column":23},"end":{"line":20,"column":58}},"12":{"start":{"line":21,"column":2},"end":{"line":25,"column":null}},"13":{"start":{"line":22,"column":4},"end":{"line":24,"column":6}},"14":{"start":{"line":26,"column":2},"end":{"line":26,"column":11}},"15":{"start":{"line":16,"column":13},"end":{"line":16,"column":32}}},"fnMap":{"0":{"name":"(anonymous_6)","decl":{"start":{"line":4,"column":29},"end":{"line":4,"column":30}},"loc":{"start":{"line":4,"column":54},"end":{"line":5,"column":6}}},"1":{"name":"(anonymous_7)","decl":{"start":{"line":7,"column":27},"end":{"line":7,"column":null}},"loc":{"start":{"line":8,"column":35},"end":{"line":9,"column":28}}},"2":{"name":"(anonymous_8)","decl":{"start":{"line":11,"column":32},"end":{"line":11,"column":null}},"loc":{"start":{"line":13,"column":14},"end":{"line":14,"column":20}}},"3":{"name":"(anonymous_9)","decl":{"start":{"line":16,"column":32},"end":{"line":16,"column":null}},"loc":{"start":{"line":18,"column":30},"end":{"line":27,"column":1}}}},"branchMap":{"0":{"loc":{"start":{"line":21,"column":2},"end":{"line":25,"column":null}},"type":"if","locations":[{"start":{"line":21,"column":2},"end":{"line":25,"column":null}},{"start":{"line":21,"column":2},"end":{"line":25,"column":null}}]}},"s":{"0":1,"1":1,"2":0,"3":1,"4":1,"5":0,"6":1,"7":1,"8":0,"9":1,"10":1,"11":4,"12":4,"13":3,"14":1,"15":1},"f":{"0":0,"1":0,"2":0,"3":4},"b":{"0":[3,1]}}
}
